100
49 1 61 0 19 356 2 523 9164 1 0 761 0 394 1 6 15 260 69 9 2009 15 0 146 4 4471 492 5997 0 35 129 0 1 1680 8 2502 11 3369 1 6 263 
56 923 73 600 7 1 13 0 18 7 2279 8309 2 161 21 109 892 6805 217 54 1996 4 17 1294 1872 2626 103 0 2613 110 2 2357 2756 1976 87 76 61 518 319 
75 1273 6645 248 165 0 0 21 2194 2 55 452 0 81 4 12 7102 11 0 0 220 3 1052 367 9 3 104 4 6127 49 9 61 3938 7519 5928 
53 1 8 20 26 2 332 1193 0 4001 16 2 87 2 0 9 3 0 0 0 63 3582 2 196 60 296 353 3344 0 17 206 656 316 1756 531 400 87 284 319 
80 3 157 27 27 0 1 3 1 712 107 0 54 0 312 0 40 17 0 12 3 242 11 12 1 48 0 0 217 88 168 20 76 3012 4751 
35 3 8956 1 5069 2 0 0 0 3421 160 45 766 156 0 3858 302 0 1575 15 36 634 89 7 2032 0 0 0 116 1 6 283 87 1137 319 
34 12 2 15 17 375 1195 2 381 1 5 14 7 26 0 1 8 8 912 1 9 20 309 2404 3 13 0 41 7 37 164 9 206 0 22 87 502 
83 7 55 694 5434 2 8 3612 32 4215 1581 5 9 1 13 3 2 857 5667 2248 28 171 2 2 771 2582 2 2060 2140 0 28 7 9 1464 318 76 7757 61 
50 1 34 0 0 901 385 2 1 6856 4 0 7 0 164 96 1544 3 64 16 2 2 332 64 33 5 108 17 1 16 6160 2 0 4019 1432 400 284 
2 2 8 2 70 0 3 0 184 7862 0 1203 10 7 1 58 8 56 0 136 34 2 226 0 2110 0 75 0 111 1656 1539 1929 616 502 284 
39 10 1 163 708 3 6 36 0 41 963 1 13 0 30 180 1902 7 1050 4298 41 5 6557 1 0 421 0 88 330 3 4 1 1 1261 728 1887 38 61 518 518 
15 0 0 33 5 0 33 2 6887 1 0 17 28 0 351 0 118 0 10 3865 9 4222 4 4 0 27 2 17 1873 0 603 1 1 22 6 284 284 
7 297 1819 208 18 0 13 6785 861 422 223 3 0 1000 0 8 0 4048 0 295 125 0 0 85 0 0 1065 6960 85 904 
65 17 4 185 159 7235 1683 6 455 3926 1 309 109 177 2 238 4 0 1 256 118 26 2 3 100 3150 420 15 90 11 0 20 76 2159 1432 
96 3696 0 3 219 1 2525 252 1 4 8 1 1 254 0 2 0 20 0 713 8 2738 0 2952 480 4332 0 4 0 78 8 352 16 312 27 1 38 2159 3841 87 518 
21 9 245 5386 2179 3786 115 1659 144 3 41 1785 337 0 486 216 199 591 8 68 327 158 4239 4 54 1 1 2 11 3056 10 3070 14 6 76 502 
71 3 1 0 20 22 27 5922 10 5 1 1 1 2210 0 36 12 338 20 3 42 3 3983 798 0 267 255 2175 3 83 2146 1 76 5452 
67 195 4557 0 0 112 1 1352 0 113 2 102 12 63 7908 109 42 780 425 1 2 116 17 75 64 5 0 0 1475 2 264 555 
1 9795 3024 5 1 47 0 3 0 0 3437 1 7 1 0 99 88 114 70 9 9 1213 0 3 17 1 10 1 267 637 6 891 3 1 5505 
86 6996 0 3 0 44 5 2 1489 0 241 1 0 562 9486 4 62 26 2 4 6982 7202 3 0 0 1 7 1277 12 1819 328 132 502 
78 4936 2870 2 14 4472 354 5 0 0 7255 1 9 0 313 981 6511 125 6 10 933 339 52 99 15 286 0 4 1470 927 100 9549 87 518 
55 177 4120 0 5736 30 1 1423 62 994 385 1 106 12 0 52 70 6120 1 1595 39 1013 6 1 8 2385 20 286 13 10 152 2468 25 0 611 3 6734 1807 491 20 555 
28 2751 35 2770 7 20 0 3 4 888 1197 36 4 3 410 0 10 1 12 1 0 1 6154 12 1 14 28 0 0 1 7 2 51 1583 3841 1432 
60 25 5 0 3 55 0 2 2704 4 0 263 213 0 2 1 6747 63 15 15 135 1174 1607 167 0 156 9 1 0 1403 1 508 17 571 6 87 2066 
29 18 162 4 46 46 209 0 12 4 674 1743 0 6416 91 196 1 2 435 0 4162 44 28 30 144 490 4367 27 2259 909 7 1870 165 257 284 
81 913 0 4251 2 4 286 1276 3273 3075 263 0 1 174 808 233 1 36 24 300 2775 0 248 1142 1 5 2 276 55 32 3 7615 25 206 76 1987 284 87 
0 6535 1377 9 5361 0 7 0 0 1 2308 6551 5 1 2 50 2 20 55 13 10 138 0 19 3633 4 27 0 21 539 2036 38 132 87 
37 0 5 0 10 46 26 294 0 57 32 180 0 148 287 15 7 8 6659 7 0 28 33 342 26 52 0 7912 51 76 87 61 7992 319 284 
26 90 29 4097 1 12 0 1 3280 2 27 1 83 7 1 369 394 1 11 40 17 7635 13 10 14 10 3008 387 0 207 0 5 4 394 4 191 38 8870 
20 5 1078 2 0 29 0 883 5 0 324 16 4 0 12 152 11 1475 8 1 114 7 40 307 50 86 65 5 15 0 894 1 8 6 6 3875 
98 7 27 2948 0 285 0 24 861 3533 98 0 3361 0 17 68 8296 531 322 960 1864 0 3126 23 3222 122 12 6 22 2 1 3598 0 85 546 2961 5 8 283 
42 3 1 657 16 1 858 293 4 5 2 0 42 9 28 59 0 5 0 750 3 73 11 0 2 2469 12 164 258 972 6 54 9 4374 106 400 
8 84 8 142 629 7860 0 15 3 2 141 4693 138 0 0 7 379 0 625 1408 0 6396 11 2150 125 299 0 1905 55 5171 6 1 574 1432 4380 3088 
12 0 0 2 78 46 4 1 145 454 7 9 2 47 2 2 218 6 1 3305 0 2 21 3 552 0 948 34 1 47 24 175 3 1042 132 300 4274 6389 
19 14 341 27 140 25 60 150 2833 0 601 0 11 100 2 6 0 1 428 174 848 0 0 0 856 0 0 1051 660 0 20 460 6 11 6 61 263 1180 
43 503 41 3977 1 4906 10 2 2 105 9 1 3901 1480 197 2275 34 2248 0 1 12 4 0 652 5 30 9 0 1 3 1 22 37 5017 76 76 3916 87 
94 143 0 155 0 12 314 3625 0 0 397 24 170 345 474 16 682 2171 43 416 0 1 1031 0 0 35 7 56 122 9 30 0 22 1 87 2972 284 
10 40 617 0 65 3 5 42 47 1 244 300 540 0 35 3768 0 112 109 424 7044 8 549 2 1 1832 3030 3160 4 62 40 354 12 1323 36 4 0 5217 5928 
30 73 911 2151 15 0 967 497 31 2 21 311 1388 262 37 14 1 0 24 3 11 14 3 404 3 0 6 5 0 13 1274 27 22 7054 20 7867 
58 1071 19 0 9 35 650 14 1 2410 7892 2892 224 0 3769 0 1 1 5 68 9 2 18 2 8 10 8 11 125 0 4 1 17 
57 1 525 91 412 0 4 8381 4 80 58 1 1 2512 5 13 15 0 6 708 2 18 60 199 3 65 295 9640 0 2 5 6 36 16 1856 2385 6 76 1495 284 
46 3 83 482 74 3 0 68 3 1 354 7813 25 47 1 4447 0 194 1 2671 60 3830 43 37 1 11 1917 17 2689 3 143 4 79 96 27 36 1 6 6 502 
3 1 6013 3 0 265 313 5 510 5 0 306 1 173 0 1 0 11 13 9187 5 0 69 156 14 377 424 0 19 69 1 9681 1 405 1402 319 6194 
73 1294 1089 22 1 0 2 46 1 337 5 400 702 0 3 229 0 68 3 12 11 3 1497 89 0 412 21 296 10 2 24 9 5915 87 6 38 3916 996 3482 
27 0 3 0 5 138 2 4 5 1055 13 6883 495 27 5 0 0 3576 2471 0 3 127 57 314 2 0 1572 0 6 5003 518 
31 0 0 47 29 7982 15 36 113 2 24 1 7 7226 113 0 23 11 32 0 3 28 15 30 389 10 3 0 11 2 2499 3587 
47 0 2 71 2060 4 7641 0 1 83 364 0 1787 1938 9 4 6 148 215 38 74 16 1759 2454 0 6424 0 0 3 99 0 143 0 1 26 6 1096 319 
76 27 1862 12 2 1 1 1 420 7 3 56 5 15 64 24 691 1510 27 0 9798 127 1 4 38 1619 14 0 0 188 15 14 8 0 9 0 9 1 13 1 922 61 300 
90 0 0 2 2072 3 2 432 3098 10 134 614 10 4 3664 93 13 26 0 15 0 26 118 5 0 0 79 1756 5603 1 1596 6 796 
48 5 3 1663 3 1172 0 93 0 23 26 5503 59 0 1311 12 3 1 83 1 104 77 3 1 6357 0 0 7 2153 9 4 41 76 76 87 300 
41 28 3776 0 270 33 40 1 0 1809 2 3 137 1 1 99 472 1 2 17 114 0 138 5 1 0 1003 723 1851 5934 38 6 87 
36 24 5401 1 4175 1386 5 5290 5 2 0 2 0 16 44 279 154 3964 1 1 2 3375 0 0 28 6 96 21 5372 0 199 4069 1665 319 6142 
93 94 5 0 19 746 0 3 1331 43 194 0 6016 0 29 2 13 31 452 225 3 23 26 743 493 37 10 371 734 40 72 38 4131 319 
13 1 2 247 5 131 178 1 44 578 83 824 0 24 3376 21 0 206 50 32 100 9085 1844 43 1533 951 7 131 1 430 329 260 7524 
68 312 17 34 6279 60 2 2 2257 3 0 5 3020 5795 1419 0 2 0 282 3 57 52 33 266 16 1596 4 5 11 8461 965 9 6 7737 
82 0 3153 7 4 12 2 0 22 3739 13 59 5 1208 5 2 1 113 0 2 0 1 3407 276 2 76 0 24 1 4 0 27 1919 1779 8 1121 87 5434 319 
88 3 45 10 3 0 0 8 151 30 2 0 127 130 10 140 127 12 2149 0 8 4 10 1948 24 3489 498 497 1631 33 3293 76 87 
18 7 150 0 0 2105 5 2 204 135 0 6 2 13 30 165 10 0 0 2 100 14 0 4316 70 1 1 3 4 5206 18 0 26 25 323 910 
64 134 164 67 0 598 1021 12 0 0 24 0 16 2085 3415 102 663 1008 0 0 102 219 3152 2 0 13 31 0 1 1 2 8 53 1611 3526 22 1665 3916 
69 0 39 5507 1971 0 392 1488 0 0 51 8888 5 17 7332 5 58 48 366 75 46 0 16 1832 372 812 212 5 1838 2 5380 6 6 5823 4751 
23 3 426 7 0 1 3838 2 9 0 544 37 0 3 367 140 68 282 6 0 1 1 15 6 0 2846 6 0 1930 106 2 0 103 4 6 
16 1431 0 8690 17 0 34 11 6988 0 12 1 280 171 7 7 363 0 7 403 1 2 6653 28 1 0 135 1 67 4 7243 0 48 1794 846 6 6 61 6974 
17 714 10 4884 48 0 5 0 453 7578 0 0 4321 3 7 65 8447 30 9018 1 7 5 1693 0 5490 0 4 14 72 53 6 319 
66 744 3 264 417 7 0 14 1 0 679 17 14 19 21 0 1 36 4816 28 137 26 161 505 2 14 8 15 4720 0 130 6 319 
89 0 0 2 13 5135 3 62 0 17 0 201 17 4 1 6290 9 2 1 1 13 3 416 27 1869 6450 270 49 1 32 92 60 2497 361 200 549 1 4871 323 502 284 
61 4 857 0 4 0 1 3 2 0 4851 0 16 593 1 2551 0 208 0 19 0 509 1169 1330 1 0 0 413 1 2 1253 144 1 49 65 910 4417 
74 0 556 0 0 8 5246 370 0 223 57 134 40 5 5 3 4096 0 4 1 1123 0 675 7612 0 79 159 263 5456 
44 14 554 2 0 14 3 2208 2 0 0 0 88 71 19 3 47 2 14 3 2 2992 3 0 22 612 87 
91 3 5555 4 200 4218 0 2 231 32 0 5 0 37 5047 1296 1521 3387 264 10 24 197 0 1 3 4 0 60 921 317 277 636 630 76 6424 76 76 87 
72 35 0 352 8 2833 36 3 5 2 169 0 0 6132 14 7 31 9 3 13 5 670 1 51 3261 77 19 77 1 4 1626 0 597 3 20 87 5791 
11 44 2 0 3 4576 6 8 2 1 82 32 17 19 5 1 0 36 12 1485 425 1 1971 3 7 8757 4 1655 1 72 2 20 1619 4 4424 6 
84 0 865 4338 0 4728 8149 1491 46 1 751 1 6445 1 0 3 131 0 2 39 7 22 33 1029 5 0 3 483 1 2 638 1 4698 6 4 491 1180 1495 
45 970 2618 3 83 118 49 124 9 15 14 608 1900 68 12 1383 72 12 376 952 3 0 10 1653 16 6 29 443 6 4378 2 6246 785 28 319 319 
92 3 0 67 4 1907 40 2331 4 243 71 24 277 0 3 629 1 1265 7 1659 142 7 2 1 1 0 0 5 323 21 7778 8093 53 6 603 87 5217 
52 1 18 0 32 5 65 178 2530 26 3599 0 0 85 10 7 37 1935 8 5 23 4 2196 199 0 220 11 346 14 24 1 3303 740 132 518 3012 
54 0 208 0 3 2 3 5 18 0 3 0 288 67 3 4 0 5 0 6024 13 6 4607 0 3 114 8 841 3294 4115 1144 22 319 
4 8984 97 15 2 3177 78 141 47 44 8 2 159 93 920 175 0 0 1 0 615 0 157 7534 6217 1 0 12 49 3391 6089 3088 
40 1 0 376 1 0 3911 13 81 221 1531 1 0 1936 1 8886 1 2214 40 5 5206 57 16 9564 45 10 33 1 14 8614 8 567 1823 13 300 132 518 
85 280 91 4 1 2 1 402 1123 6 6 2211 155 0 583 511 9646 1 23 1 1 624 0 5 1018 2 1 0 97 1020 53 2957 0 0 0 4 716 25 60 52 3145 87 76 405 
51 3 5 0 9 829 14 7 28 41 9 2 331 3 19 0 3949 19 8 0 13 0 3 4 0 128 1 4888 1 36 62 6 502 502 
9 21 374 0 10 11 0 1213 2 100 104 0 308 234 1 11 4 140 104 1 867 94 12 8 1 32 3 1921 0 681 435 4552 61 61 
33 46 66 0 18 0 4246 41 2 70 441 1021 0 26 1062 203 26 1176 5 5 264 1 5 1 0 0 23 2 4414 67 560 7 22 574 263 
97 121 21 1646 79 128 2 4662 17 1 9779 2546 286 1 0 10 0 16 13 4 6 6 474 0 1 201 129 6 0 3 83 0 62 11 830 6 502 284 
38 92 1 679 3 69 21 16 0 11 10 0 180 4 1932 8963 2850 1 2568 113 95 0 237 122 0 0 0 972 0 6 87 284 
95 0 33 0 0 50 0 1018 4358 302 3 19 38 302 70 5 1 4448 2 7 191 0 10 19 764 0 4 1 1080 67 1195 273 728 22 319 518 319 
22 17 16 720 1 79 1 309 686 8 3853 1 1 1 16 500 0 7 6 339 71 66 90 0 5777 0 2151 32 30 0 1671 22 8 616 1 467 2026 76 
5 5 122 9 3 363 2 186 23 7 1 1 216 0 174 2400 328 1122 0 3 26 0 1363 8 2 5436 0 258 129 0 110 2 7 60 1 7 6 
6 674 0 49 2 0 1 2 23 60 1 248 1 3 57 564 55 0 37 34 0 117 5688 1 861 567 2195 1 240 2 3577 3700 39 6 1949 319 
87 2 13 0 0 20 0 4860 1 27 0 3006 3266 3 9 0 250 75 4652 0 15 100 10 594 27 4 121 1287 4 12 167 70 4 0 902 1 76 7674 
24 72 174 464 18 44 128 10 1233 0 561 6 2692 4 139 1 321 0 25 3712 5 6511 20 138 1552 91 51 3 125 40 1672 1114 2 73 32 1 765 87 
63 9 0 75 0 42 3 10 31 1157 38 6572 33 45 0 4 2 1 1247 2 0 2 3 147 3 171 1 16 181 12 0 8 2881 23 1583 
70 7 0 6601 239 3 6261 312 28 2080 818 291 5 58 0 5 44 18 154 788 3 23 1216 2 10 0 1346 0 0 0 
14 5 0 14 394 61 180 396 4487 70 4196 379 66 2 12 1 2 2 11 0 1878 141 2 3098 775 0 27 0 2894 5 6 3033 1987 
62 0 1 173 0 1 488 2 5 608 11 285 270 0 66 5210 2714 18 1 18 1302 5 0 9908 5 25 72 2304 6 4164 3 21 2939 1647 3411 6 284 284 
99 13 774 1 5 832 3 988 2 5 16 7243 15 3311 44 1 2 225 177 1862 0 22 198 141 13 81 0 290 4894 20 1 63 8 137 0 13 0 9665 6 76 
32 6714 3100 2939 0 3 12 14 7995 6156 1 0 5 2 0 2 793 2 270 14 404 0 4 7 0 7 1 1988 101 60 21 518 
79 499 0 2 7 7 0 20 0 23 3 14 0 16 262 11 16 451 0 4532 2008 3 127 66 1 3981 0 32 1 100 34 1419 2186 87 
25 148 4 3027 8 2760 175 21 166 17 20 4 14 2 1 750 0 2404 4 0 490 13 206 629 123 371 16 122 3 409 9 731 3 1 84 87 
59 0 4 64 1 246 702 2 547 14 2407 4 8 2 3 1183 145 9 0 78 428 2 0 12 32 69 4 4 37 0 8 8329 1 22 8 38 4751 
77 0 802 16 1521 221 0 1 5 7 11 1588 42 5 82 397 9 0 3 2644 0 3478 0 2 685 0 3 18 8 54 3 85 24 
