500
4 8261 1286 3385 5768 1322 3819 6668 8379 5589 7765 2135 6840 6041 6715 2079 
208 7584 9986 393 6154 3724 2702 1395 7476 6460 8664 8890 3196 2238 1791 
371 5601 6625 8097 5828 8769 2202 9704 9225 7915 5164 6031 58 7803 3964 6111 
277 6533 6798 7439 3475 3478 1560 5274 6560 2344 7596 9644 3118 7988 4664 2367 9542 2247 2122 2378 4086 
449 6720 3873 7170 3459 2526 5993 586 3467 3838 4336 9680 8276 7031 7898 4542 
11 9866 1610 8650 7055 9904 1839 6898 9813 8758 6808 7293 
69 6817 3394 6659 6404 8097 1478 3144 1963 4303 3344 5301 1815 3515 1886 2175 
289 8995 7364 4295 6920 1771 2988 1006 9038 3887 8189 4882 8342 1241 1307 3869 9246 2975 
49 1344 4576 6434 3041 9480 9578 7371 2894 398 2864 9395 2551 1368 6137 8189 9438 7103 
300 9602 7046 1947 6045 9249 5030 8364 9517 4013 3375 8108 6708 9791 1241 2528 2916 5476 4981 6395 
330 3488 4736 5030 4775 5065 4266 3183 656 4050 7000 8726 5752 9436 9022 
168 5956 5125 1320 3434 8907 1707 4880 6769 3986 8756 2037 3096 1882 3483 8029 
245 6544 5909 2203 6686 4003 7974 6182 45 6074 5437 3520 7108 3913 5842 3293 4203 9967 3315 5882 
30 2912 4904 8073 1259 3468 7627 4919 7471 6795 4434 3575 218 2587 7582 
291 1241 6662 5481 7178 1387 9772 5456 6995 9716 7894 3097 7067 3807 
253 4544 1089 450 1027 5572 8898 3081 5774 6387 7796 883 2547 9846 284 5821 8126 
108 5890 8579 3659 2893 8813 7514 7600 8817 6157 1886 4086 7097 634 6971 6621 2270 
134 8898 7075 1539 9188 5798 1639 7238 9705 3018 7244 5036 8048 3285 7226 9148 4349 
182 3489 8097 8035 4744 4489 6185 1560 3405 3726 8207 6255 6962 1365 2360 9885 
72 1250 1091 4835 5029 8775 5576 520 3242 619 3144 4051 9046 4504 762 
351 4352 7321 4162 772 1062 3696 5362 2355 3218 8725 9494 9495 5720 9113 
243 4736 8075 9613 4372 7324 5535 1828 1585 4531 7220 1331 7359 4309 8156 6628 7400 7145 3432 5238 
31 5381 7686 7688 4493 5531 4768 5031 5165 49 7355 1348 9541 7120 5594 6754 2403 9701 6758 8694 8830 
145 65 6754 1283 6117 4297 6666 4331 3311 8208 3888 3477 2934 9306 4539 3933 
43 8226 8354 1670 1830 7432 74 975 9491 1588 5974 9273 5882 220 125 
140 1030 9001 5737 3211 6795 6766 6542 3920 8144 7026 2932 7607 1241 9791 
58 9312 9123 932 6884 8261 1898 7069 1039 5008 4913 564 9301 9430 7765 1560 6171 8221 
118 5953 1347 616 8649 6412 3440 7216 4626 3094 2648 8441 8765 4126 
76 3041 2371 8677 8197 6599 3943 7049 6601 1830 6509 9742 333 9791 8635 6523 2109 2303 
189 2834 3609 8097 6949 4391 3242 173 3127 2428 6206 1479 3271 1097 5834 8669 3807 2932 3708 8189 
431 704 6978 2435 1347 5927 137 4969 1072 1651 5139 1876 9556 5657 7451 5790 
315 9922 8932 605 7654 2632 8393 9549 5805 525 9747 2932 4118 4791 3640 7485 9791 
123 8000 2432 6754 69 9640 9836 5676 6798 2610 467 5748 7702 8249 2812 2653 3199 
377 3968 5345 1241 7685 3270 5799 9864 3272 5163 8525 8432 9360 3927 185 7932 
369 1314 5890 9669 2438 7560 2280 3402 6219 6381 5747 7255 56 4475 2878 
261 9251 6532 1253 838 1671 7047 8649 7243 7148 5230 6991 5039 9489 8912 239 1268 
156 768 9347 2188 8097 2858 6201 6721 3908 6725 7368 7501 225 619 8684 3054 2544 7154 6770 4728 9471 
392 9701 5030 3015 393 875 8111 7408 9713 1487 16 6648 8762 3324 7613 2111 
92 4736 4352 2658 4802 4453 2662 8871 9720 7368 3466 9867 1941 8632 795 9279 
412 740 8261 1830 7336 970 1483 4270 2992 849 2417 7571 5687 6616 1789 7999 
196 1665 2978 6754 3144 6281 1482 7243 6095 369 8498 244 9493 9815 4857 6810 7899 8092 6399 
259 4128 4960 7776 1831 1320 3144 9964 9165 2963 2006 6747 7003 6365 8830 8447 
393 3973 2702 8463 5647 5523 8221 5028 8746 6574 3377 818 6461 7245 9165 5972 7765 1239 8920 8151 3826 5882 5502 
317 8128 8996 6373 7012 9796 1448 4426 202 7793 8211 6396 7828 1849 1690 9404 
155 7650 8740 5318 4456 619 846 3792 4660 2164 7318 4213 8632 
231 962 6726 6792 10 8843 6479 112 4379 8946 6034 4691 3827 9175 6039 1849 7802 6619 4511 
62 9953 8769 8836 5381 3494 9735 2761 2412 3916 6446 754 8532 823 6970 
381 4736 4129 6915 542 8378 3015 9002 1651 2612 990 7669 7096 2842 3483 1149 1630 
415 4192 5665 9922 3075 3589 8679 5737 5482 6220 4813 6608 626 4730 
276 9057 3938 6851 3363 4423 6574 6417 2225 3828 5749 566 8151 9946 
37 1603 7750 8679 1606 4441 8717 7502 1886 5462 1623 2776 5078 3580 6366 2142 7613 
107 6785 6923 413 5684 8375 8257 3015 2124 5071 9424 3286 5336 3931 5087 9707 1771 3054 9587 4474 8190 
137 260 7686 2184 5647 8723 7076 6577 4532 1345 9542 3144 9034 3022 4318 6754 6380 7148 6642 9970 
402 36 5381 3142 3783 8296 9544 8261 9419 1549 5039 3090 3092 3542 6781 6238 3263 
440 8898 9508 6532 8072 5454 2126 1936 8465 6543 3379 5493 759 5340 6365 8830 8511 
143 2145 9730 6472 11 7435 3565 1038 6223 6767 1173 8566 6711 6329 2938 2139 4444 6173 
199 7235 6627 3657 3469 2702 591 5136 366 3410 3222 7259 8063 
120 2082 3622 4551 1320 4425 7084 2125 3916 5777 4407 9592 1564 8733 3774 
379 4995 9092 3012 4987 2915 4759 1771 9901 1167 9391 8247 4406 9495 9433 8634 859 6686 
81 5155 871 7195 8491 7629 9102 5776 4914 466 916 2805 4373 2648 4441 4826 9627 
265 7105 1058 7613 4 4133 3041 8808 9546 3789 5581 947 980 3286 9623 1144 9213 2783 
227 8578 6795 8204 6292 538 1442 5799 5676 3385 202 6987 1878 6239 2913 4329 6635 6251 5363 4729 
434 2693 7054 4496 5648 3984 4892 6941 8481 7969 8097 1320 3128 325 9925 3528 9045 2537 5481 6511 5491 9337 
9 4192 3747 4265 3276 6477 6574 4591 9361 9619 5720 1498 8891 6782 
91 8833 5505 6754 7334 4135 5162 3403 4011 6608 5522 4338 2834 8535 
104 6403 8072 6798 15 4262 3888 1592 6329 9279 1217 9542 3015 6223 847 3795 6492 7917 5742 6899 3574 4474 
210 5729 5826 2499 9894 3819 1004 9101 7435 3184 8849 9652 4885 9814 5367 3382 4697 4126 
35 5635 7047 6152 9998 4244 3865 5025 5030 5799 8369 1591 4407 7097 7101 1608 7496 6090 4557 8278 988 1377 1634 9847 
83 3012 8807 5225 8970 9068 2033 4689 5747 3665 5621 6964 4887 5144 2779 4446 
464 165 3118 430 2000 9428 6196 284 2806 9497 9595 2300 
358 768 7173 1173 8097 1572 6568 1454 6853 8526 602 1886 4969 5098 1901 5742 4461 9325 8817 1914 3963 
319 4736 2305 2498 6084 580 5382 6219 9231 8080 6767 4116 724 8566 3671 3387 8095 
385 1511 2951 1832 9259 6731 2381 8686 8590 728 5553 7442 175 3000 9178 1211 1021 30 
302 2432 9410 8324 3780 424 2957 7451 4592 3888 7668 4021 5076 7897 8891 
216 9824 6043 6988 6798 5616 1975 1299 469 5655 5850 3319 
101 6976 419 9189 1355 3948 2571 943 7505 1169 1170 4372 9906 6456 5882 3646 
457 6820 9254 4441 2743 6603 6391 9134 9392 6194 8151 982 7830 2582 505 1498 7611 8476 
424 7614 6055 5512 233 8106 9673 2248 3759 5647 3954 3826 3287 1977 7099 9277 5145 1919 
325 4544 7458 5507 2915 4968 7373 7759 2130 2483 822 8889 9372 3167 
409 1793 7010 5409 6434 8261 1830 4073 8685 8021 7611 567 55 1145 4086 9499 2173 3070 
14 641 1443 7385 581 9701 9509 968 3996 2726 5548 7641 1104 1340 4537 444 
301 1024 1986 8422 2792 6825 1736 8907 2412 1967 1488 8436 3029 5366 8311 3321 2684 6365 8286 
197 4481 3550 3671 7560 298 810 2058 75 4080 926 7317 6198 2167 5054 8319 
164 9093 5132 2580 1301 9110 5030 6315 300 6712 70 6598 3015 213 3452 7644 8677 6251 1396 8316 
46 6146 8452 4068 8038 3237 4904 6686 4747 3595 813 5999 9647 5556 1366 1754 6175 5246 6975 
456 7905 2850 7811 5030 5098 8587 4012 5229 7470 6795 1011 2356 8659 9206 1433 7994 7325 
286 1241 4454 8776 1598 5004 1549 6798 5455 7254 7447 1465 2461 4734 7519 
38 4515 838 4135 6726 3690 2330 6668 6967 1018 7007 
228 3968 7056 2202 7966 8994 6946 6963 5299 705 6597 8007 3407 980 6485 1241 1498 2920 6644 7935 
445 5089 4068 3591 3608 1578 1547 7790 1586 5654 6678 1272 1882 1979 6781 4862 7935 
16 2304 9749 3353 5147 8868 166 3113 1856 8784 1873 3157 9175 1886 2273 9058 3041 4341 8954 7675 7677 
173 2404 1241 5030 9543 4519 6953 3272 2091 5901 3343 6032 5137 5075 9587 822 7897 1948 1629 
451 3812 1241 6058 9644 2157 5390 3025 3826 8369 4660 1846 5720 3007 8122 2973 9535 
461 9760 3040 8097 5827 6531 2601 1707 3468 1037 2932 6104 3866 2043 
248 4002 2213 7275 9388 3021 9453 9836 2032 3092 5653 4310 8565 5909 2745 2300 
432 8164 6565 6086 1188 5672 9323 3181 8211 4533 1687 9310 
288 7303 2696 6288 3473 3741 1825 5539 5030 3632 8498 1730 3778 7747 9293 6754 5734 234 9836 7789 879 9201 4984 
254 5568 6145 226 1320 8555 3982 1711 5968 8849 3892 2869 2679 6553 6267 3999 
218 3430 9192 6831 8591 7055 5647 755 6420 3349 9172 695 8950 5916 5150 
395 3041 386 7074 1090 7686 3368 523 8684 109 3473 7409 9107 5140 9361 1337 5818 4121 671 
166 9056 6241 3395 3397 7879 1771 2638 8761 4400 3442 3833 312 8505 6874 
97 4736 4614 1320 2987 6795 9389 7857 8151 6740 2359 9786 5756 8381 4575 
322 5377 804 6661 4712 6760 5546 8830 4140 2863 5648 5489 7070 6520 5340 8376 4447 
125 8290 6082 6276 2532 1414 1766 4102 7332 6052 3144 5359 4817 3796 8535 
264 8832 610 3811 1316 3301 7076 5481 9705 1259 4876 45 6414 3248 4406 7670 2972 1533 
236 9348 8969 7314 1823 5792 5030 1579 7468 2094 3247 691 5299 2870 6206 4427 473 1376 3681 1381 7021 1407 
103 7872 2753 6754 9094 3238 892 3784 9578 8908 2060 9836 6833 4275 2199 3162 5660 
491 8097 3462 7368 6377 3051 9868 1771 9099 2065 8497 4594 5460 6966 2652 
425 9312 5158 6792 6985 9391 208 754 5202 6078 2739 951 5080 4412 4766 9791 
257 6177 1666 1955 1095 8007 6636 6893 686 2670 8952 3601 8824 6969 
349 9569 9666 3618 7684 5030 7915 272 4177 9781 5016 4058 27 8863 
294 3297 417 3842 289 9832 6381 399 6226 402 8787 4403 5882 4796 1567 
470 8931 7302 1255 9382 2857 1830 1933 7885 3600 8433 1363 2453 7258 8479 
357 3557 4742 4744 4905 1965 5902 7897 6358 9561 284 
60 7616 96 3144 9276 1326 8882 1621 5048 7546 1148 1309 9439 
44 4736 5377 2551 579 1033 1162 3533 7373 5741 7280 5878 5015 1464 7867 7804 2686 1407 
99 1890 2947 804 2025 138 4906 1898 8507 6833 2385 6456 5723 1051 9727 
117 6945 4325 7686 3785 8075 7247 9777 1426 3827 4820 4949 2491 9623 9170 6491 1695 
12 3778 6180 4581 7912 4554 8140 4402 7252 6686 1855 
275 8704 2312 9118 2598 5799 8488 6446 6574 6200 8388 3144 4172 974 7251 8407 1241 6384 5104 8051 1146 
400 4128 3937 2882 4259 4386 6754 8422 1320 5897 7441 7127 5340 5150 
13 1282 4745 5642 7202 421 5030 1843 3636 2104 9153 5828 7621 4554 3792 7386 5987 2663 3689 8434 
115 6754 8261 2182 4747 5676 6031 9551 1882 926 4341 8566 4537 7802 1755 6780 7101 6557 
488 1446 4648 9784 779 1452 7821 2571 2490 8979 6136 8154 667 414 
190 3522 3907 9699 260 6951 5770 5386 2541 9753 3759 916 8249 9724 5277 
339 9440 2375 5927 3627 1549 4015 3824 3792 1106 2066 8411 8060 
87 3362 6754 7464 9546 1599 1680 4530 9463 3736 1849 347 9020 3357 5438 6047 
305 7937 7302 7004 3258 6171 7930 2251 3628 7500 4910 7315 7859 1560 2586 8955 8348 
34 6976 2945 8481 9443 8261 1607 6769 625 8787 7797 1205 891 8319 
80 3650 3875 1412 6629 5623 649 8780 912 8082 2071 6363 5532 
172 7520 2016 1764 7461 6054 5799 6376 5295 7856 5875 8153 
376 7941 8585 7566 795 1827 6438 6574 6720 1089 5697 4803 5194 5720 9306 3805 6628 9712 9332 1653 6390 9079 
219 3200 7171 7556 5830 1097 4940 2097 5299 1849 25 3993 8155 7836 1502 286 
152 7904 7202 676 6089 4105 6732 5298 5908 9204 2932 1914 8986 1243 9053 6430 
343 3298 7621 8261 172 6253 7342 3405 6995 4317 28 2301 
121 1185 289 5574 1608 8234 654 2512 2006 8663 376 822 1118 
95 5664 1889 5282 9251 3684 3173 614 1250 3688 2727 5004 2799 4662 5753 4347 5436 2525 
133 6912 2432 8454 5258 8202 7690 3213 7695 5647 5535 8097 5799 3242 8261 3792 2135 3809 4970 6257 
316 4352 907 6507 8301 7758 6095 2799 9791 4886 3288 6233 9339 5240 3869 8095 
179 7008 5473 9349 7878 2823 3144 1705 9898 9681 1489 661 3258 2203 6366 9791 
222 3002 8898 3173 1432 6181 3717 4619 3308 6316 1457 6452 5748 2616 4190 8538 2110 
167 3232 8097 2021 873 7852 2797 9357 2766 8943 9117 2866 3405 9337 9818 796 2621 1214 8543 
413 6497 4705 4356 8004 6215 5288 5676 7341 3792 273 8979 822 216 9213 
149 9760 4485 327 9544 9291 7436 1387 5713 4178 8467 9204 4189 5974 1495 4507 2716 6455 5983 
53 2977 8867 9796 9638 2278 6795 6992 817 5522 8818 5364 1526 
297 1568 6243 5414 6122 7915 2414 2768 724 885 3062 5268 4312 5082 5915 6749 447 
405 520 6798 5754 6551 4251 3242 5676 1197 9146 6206 5059 8789 6999 9051 4974 7797 4213 6261 8313 9722 9854 
304 6666 2315 4621 911 5395 9367 1560 4645 3113 1715 9274 850 9684 726 5339 9948 6366 8424 8938 5882 9339 
146 9537 610 515 8481 5669 7718 2919 9195 7630 3792 8500 3829 4022 789 372 4890 701 
22 2368 4736 2466 6754 2084 3621 489 9514 3819 5647 9264 6417 9142 5463 312 8218 5374 
279 8227 7812 2494 3173 229 9066 9514 8830 1554 9588 3893 4790 4441 3582 7007 
26 2528 2976 6754 2084 9656 2215 1064 5001 2477 5454 7956 4696 6333 
144 9473 8769 9701 4364 3806 8658 435 919 8888 6107 7486 
366 4352 2 1540 7686 5004 5140 7063 1560 2082 6184 7217 8252 8647 7368 6090 8145 6622 8420 7789 2418 5366 1276 
135 9696 8481 9444 7368 2985 7402 6603 4524 5708 6731 336 1049 5082 3227 1566 
2 8992 6309 3846 3079 9544 4009 2474 8075 844 3980 1320 2869 9143 4441 6650 3707 
337 1376 2915 515 613 998 2631 7686 779 239 48 8273 756 7828 1910 2201 8890 4189 7102 
198 4864 4736 772 3462 5066 6252 2446 6448 9776 7280 9747 9531 1590 4439 1560 6523 7708 
447 5794 1860 8261 6154 5770 4235 9166 9487 6322 3990 8760 2618 4415 
78 481 1218 1315 1320 3470 559 5647 6194 8662 7545 2235 4990 2143 
170 8257 3041 4483 9575 7368 3530 7211 5580 618 848 6964 7703 8121 8187 4575 
352 7168 9698 8290 4484 6406 583 1407 6761 5020 8830 631 2584 3930 7132 5886 1663 
165 3712 6816 4258 4676 5636 2726 3783 6890 7885 9936 7765 5366 1849 3608 5497 5723 5789 
27 7489 3170 4676 6871 1421 6768 1073 7120 5045 7415 6492 8956 8830 8159 
471 8099 3044 9251 5799 8872 3757 8880 2395 5330 3253 7925 4887 6265 6235 7710 7167 
68 384 7841 3782 4423 2952 5294 2351 7599 2126 3407 1430 4664 7803 1181 7935 
465 2275 5444 6470 6122 6380 47 2513 8754 3956 1495 7613 511 
308 8834 1123 6117 1610 4683 750 5647 5238 8375 414 7327 
224 706 4356 9796 5766 265 5481 2189 1358 2415 8976 2993 3118 7635 9310 
178 673 5220 5357 1549 5904 756 8951 6780 7549 1886 9215 
263 1241 5885 2858 3916 9774 431 5117 8884 1245 6329 2875 5724 4317 
41 5890 4515 5219 7750 806 3912 7756 8877 2702 5581 110 4946 6652 3324 4827 9020 1470 
36 6208 2819 8964 5733 6343 5799 301 7956 3764 1654 3741 4607 
142 6882 4612 869 4644 2377 9290 4683 8684 4042 2058 4116 4951 793 7930 
93 7906 6329 1947 5799 3213 5038 3565 9840 9842 1849 6203 2715 
47 4608 96 3683 9766 599 1960 8454 3181 1455 6320 2320 9332 3991 9884 
374 993 5634 9761 2020 4517 5252 615 166 8898 8141 4113 9203 8437 57 3102 
195 8097 4451 1285 9095 3720 2919 1904 3152 6898 1777 7956 3226 734 
375 289 9252 101 8261 9127 6795 5839 5616 7219 4405 9369 1722 6491 3774 
454 8036 8134 5707 173 9297 3218 8179 4241 6646 3479 1849 5307 639 
391 9088 2305 1668 2759 4103 3337 5107 5268 7412 662 6839 1273 1882 4155 830 
444 5696 9537 8898 1731 5381 4870 5799 8686 1903 4178 1588 3636 822 3832 9882 3227 6269 
340 64 9954 1923 5701 5414 76 4268 8337 3730 2390 1847 5882 9148 
274 2684 7521 7618 5700 423 2377 6220 2221 9136 5171 5747 7828 8055 5180 1085 1790 
490 7968 1602 9862 39 1407 6345 873 1387 2221 8207 1136 369 5647 9939 1139 280 8537 8031 
175 4859 8097 9538 1347 9543 1191 2603 5036 2734 8207 5205 1112 9723 7167 
273 5281 2500 1413 3686 5828 6568 2056 1241 2701 7856 8945 6418 6165 4537 
212 3264 2468 6852 7621 9980 7114 9933 3055 7155 8787 9141 2932 1116 4255 
373 5985 9091 8740 1241 6662 5290 6251 202 7502 4400 8337 5273 3899 4252 4126 5279 
472 8769 4578 7842 6660 1637 1896 5486 110 5617 4690 3030 3163 3869 4671 
318 8963 8649 8970 6445 1614 143 5645 177 4338 5075 4890 891 5821 8286 
299 4736 4036 4519 2472 2185 5515 9562 9613 9646 2192 1171 6454 5847 8952 6266 
331 2081 1986 3107 8610 9480 4143 9744 8432 6898 2869 1976 9113 6398 
221 6112 8641 4352 6819 584 75 9038 8496 2449 2898 8147 3062 4791 822 6905 7834 2395 
388 7904 4674 8132 1470 7748 4839 5830 113 1203 1368 5017 8026 1882 1630 
323 1856 567 5799 8680 3625 2071 4632 7293 6270 
209 9099 9868 3341 6795 6418 2075 6318 2485 5817 8898 333 5201 1237 2649 3422 3171 484 8047 1148 
453 3685 3782 5030 5096 2377 3338 9165 6383 8432 9521 7506 1203 1875 2580 8885 1849 9402 
307 9123 9316 5828 8939 1104 3217 3731 6772 1974 886 9624 5144 1112 8063 
20 3265 6626 4385 5669 7180 3053 6702 5676 6099 247 4600 4441 8378 4701 
247 8196 2405 9672 8073 2570 7563 2030 2928 2225 6993 8563 2036 8723 5882 3901 8830 9791 
71 3041 1283 9925 4829 4873 3625 9259 5130 2094 7154 1331 8594 822 4791 1945 7773 
361 5890 8708 7367 5063 4713 5102 8048 1585 5809 5527 5658 2043 
495 2016 3394 739 3943 6793 7274 4972 7756 4021 3833 7133 8830 2687 
428 6212 8100 5574 7774 9643 8685 7952 4241 3985 6334 8180 182 6199 8188 2526 
0 9539 6565 6245 8837 7944 7308 5261 6193 947 5779 2009 1883 
403 2595 7531 6831 8623 5075 8724 21 215 3416 4669 990 
496 8448 6116 7301 2407 2003 120 2617 4218 8444 1373 
256 8384 7746 2563 1414 807 7336 4681 5882 1483 748 5229 7470 3345 22 2202 9118 
82 3746 8515 6693 9511 2088 6567 4682 6795 9582 7763 5368 9818 4955 7646 1663 
84 8768 9122 7463 4074 1483 2477 3768 4269 8056 7865 9947 9213 4862 
417 2337 4994 8898 7336 6184 7816 9512 5260 6798 8498 9718 2679 5112 7897 6748 6910 
39 4009 6895 8722 7443 3060 7865 4218 7804 1597 5279 
293 9560 2118 8551 4327 7768 3730 4050 7672 8506 8603 700 
360 7264 9189 1864 682 5420 8012 537 1781 1846 1847 1880 4889 4954 6687 
185 7360 2432 4578 5218 9891 5860 1241 5799 7628 9487 1712 6265 8574 8831 
272 7552 2753 806 551 8298 3467 5965 8750 3983 2480 9111 2962 5647 1845 7286 2039 7288 6814 
387 7300 3084 2188 5278 7457 5676 4525 9524 3000 5816 2132 4308 4951 1250 4708 1511 3815 5737 7148 1776 3326 
486 3905 289 3396 8261 6342 5831 5543 8167 6958 7918 3152 1748 276 1849 4505 5436 7775 
183 962 3170 5284 8101 4195 7111 5882 1673 5577 3212 4110 6641 1369 218 9791 
5 4441 9225 4969 5963 7151 7697 6773 4730 601 7098 4123 
235 2305 7651 605 995 4582 4747 6992 7347 979 9333 7963 3581 7678 
192 642 5890 4806 7368 3177 6282 7082 7116 5165 8830 6513 6420 1909 822 1436 2525 222 9759 
312 9217 8898 132 3397 8261 7303 9288 8713 8424 3308 2223 7122 9266 1045 2367 
106 4352 7651 1991 4520 6667 5676 7120 3601 8050 9938 2932 1687 8031 
311 8097 1700 37 5799 9929 2283 6077 175 6515 3220 9723 5882 7579 1181 6622 
74 6020 3144 2730 4970 3792 5105 2129 7444 3381 3477 120 8796 6782 
482 1761 4162 1279 8319 1825 8934 3144 7022 78 7570 3699 5588 6778 7387 9919 
138 5799 3991 5525 7349 5046 1111 1241 9499 9437 3870 9591 
96 4616 1417 714 4331 7212 1483 1934 4761 7635 7639 9465 2458 8187 
52 2851 1316 7174 5607 295 8330 9262 1969 9427 8855 1303 
367 9696 6626 2786 8261 1146 5610 7114 3534 2420 7994 7894 1782 6586 6555 5660 1886 
110 1894 5159 2298 1804 4974 1043 9875 756 7828 3736 1849 8154 
446 3904 7041 7715 4143 8017 4562 500 1815 7195 156 3453 
3 7425 9573 8187 6729 139 7435 1232 7536 3792 5143 6200 9240 6651 
139 513 6435 4548 6854 9095 4135 7402 3819 7916 5676 9791 2671 3409 6453 6329 2492 1694 959 
159 2080 7904 8642 2627 9220 5445 7335 5676 1710 2450 9043 7988 181 1816 9373 926 
40 704 8674 8739 8615 7627 715 5742 1999 7892 7222 6647 822 2428 9117 287 
332 859 5578 5676 2799 1392 8980 7189 6134 7063 5400 3834 283 5725 
18 3 2694 3943 6822 8105 5864 462 5137 8380 564 8054 1241 6620 6366 
270 6754 2659 455 1096 7368 1483 9388 3725 7737 3792 207 6514 4885 3289 6843 4093 
89 3745 4451 7716 5321 689 177 6803 822 4152 1241 3067 1404 
255 6496 897 8377 3621 1097 4848 4244 470 6553 3610 1116 8189 9311 3231 
86 3329 8973 8366 7697 9521 9172 5813 3190 3354 4027 1119 
160 5676 7662 9840 5233 3888 1427 8435 5912 4217 4666 9276 6238 7551 
251 9344 4736 5642 7824 8978 9494 157 1566 8097 6948 421 7217 6449 5299 822 698 6976 3021 2127 1886 2142 864 2915 7155 8952 
298 8577 2465 4676 6660 7754 5291 2284 8141 1008 7541 822 6076 4126 
426 986 6466 2115 6627 1445 4 6374 3015 8814 1556 4152 4313 9946 8891 1471 
249 4065 770 5799 8649 9836 528 5490 7935 4248 5176 9497 7933 4798 8703 
237 8224 3296 3364 4357 7686 3816 7210 7787 5868 6413 1678 5580 7915 3764 3703 
188 9251 260 389 6279 3303 1042 1907 1940 2323 1849 2490 8987 
203 1728 4352 4930 2660 4676 9065 9514 9899 6450 1746 7157 5654 9592 9212 
100 963 5318 5799 2282 8650 6574 79 2770 1908 8532 468 9044 4730 6779 5980 5311 
492 9665 6692 9478 7239 9258 6383 5009 3442 1240 6046 4543 
439 7105 5126 6921 7370 3243 1801 7021 6700 177 4434 2936 1722 9149 
54 4353 2210 871 6568 1802 8463 8465 7954 8151 6837 3735 2776 8636 3613 5182 
105 5154 5477 5606 7495 8261 4745 9482 236 1261 2702 6030 3132 5597 1790 7935 
356 9924 4997 8102 8205 9392 5840 6101 1721 5114 4893 8830 
421 9350 409 798 938 7609 2234 9791 3777 5314 9667 9668 1108 1245 9706 2930 2932 9207 6776 3454 
194 7200 6976 3107 2788 1349 8233 8907 6253 2221 4399 9679 3954 2932 8378 8830 
244 7680 8609 3618 132 6791 7433 7274 3787 8814 2094 80 6808 1819 2428 8479 
163 2273 8097 3555 1159 1256 7368 3020 2316 7310 6798 7281 147 9047 7130 2876 
382 2848 3297 5729 4577 7968 6437 7782 809 7694 6224 9818 2330 123 9150 6495 
169 9028 2854 7176 2446 6063 4880 8275 6420 1364 499 9592 4509 4223 
238 130 4676 5994 9226 1324 7832 7796 1270 3032 6489 7994 8413 4190 
485 7968 8261 105 2026 5230 1007 8624 5934 3826 2932 4921 9913 571 
458 1892 4904 2672 1361 2674 7667 595 4309 5654 2940 2845 6494 
114 1729 9953 4262 7435 9079 3153 8114 6195 8212 9969 5143 2040 247 
70 6241 1955 5157 7495 6087 3529 4177 4498 819 5561 2234 6171 
309 4027 7820 5517 7757 3023 9201 2354 1811 7476 4949 1560 3931 3389 8479 
474 96 3459 644 5669 4936 8169 1161 8830 9326 5937 4849 8596 183 4888 6906 9980 30 127 
88 1664 4480 1315 4676 5764 3397 9223 940 5134 9170 1586 3348 9750 5786 
418 320 5859 3301 7525 2469 8936 8166 8365 5101 5295 3888 1969 5234 9395 2290 3152 6366 
404 65 9226 202 6831 9681 4081 4115 5652 8085 3960 1849 1118 
132 7296 7297 1856 6564 8934 2638 3825 4017 6612 3637 476 7486 
128 3041 7587 5381 8934 6311 5099 2828 2574 1647 176 3953 8666 8787 3438 1335 5050 7868 
141 4224 6976 2424 5799 9098 9695 6956 625 9951 4435 7411 1849 1848 569 8312 2335 
355 1890 2595 1284 3490 1129 8649 4911 1361 4178 9399 6808 3007 5084 9565 7774 9439 
414 4258 4771 324 8580 6214 1347 4904 7626 9419 1035 2378 5038 3092 6038 4441 4188 
191 1408 9568 3041 515 6405 8038 3461 2726 9965 6510 2958 47 2288 4213 1912 1759 
112 1152 1463 5029 6762 715 3692 8492 1709 970 5295 8788 4405 7671 2168 7994 
24 6686 7883 1008 3794 5022 3191 3062 4503 2198 5302 7870 
252 4643 6218 4331 8876 1132 6186 4237 6666 8658 5586 4246 5751 7833 3930 5340 7294 
313 4291 4836 4486 7368 1130 428 3343 6991 8978 6135 1559 5882 
113 9284 7686 8458 9579 44 3436 1587 7476 2294 5206 5374 
354 8097 130 5799 2984 1705 7500 9455 8431 2677 2934 2839 9369 
283 4674 3003 454 2920 2508 6574 3536 7280 2355 6261 5208 2938 2136 4312 
147 8357 7240 3656 3082 7018 1642 47 3092 8341 1531 4219 
213 8097 2626 2083 9157 6 1868 7855 8881 8658 7922 8849 7897 987 3357 
364 1793 2242 6305 7686 4008 3339 7435 4718 9617 7730 5363 4473 
240 1284 6437 197 5991 6408 4461 1519 1296 9009 755 84 9173 3065 3899 8830 
136 3296 3425 8584 4744 7307 6987 7659 1975 5560 1340 5469 8478 
420 4384 4352 7204 138 7641 7148 495 2767 3409 5398 5177 4954 2267 
430 5825 6370 4195 995 2727 8906 5291 9304 8884 9109 6040 7355 7996 
329 6244 3781 8203 6574 6033 8212 7381 4823 8091 7900 5431 
223 8097 869 9126 9925 3691 9745 4786 1843 7928 249 3162 7775 
411 6658 9762 7974 9415 6559 8874 8078 6064 6228 5015 1978 5307 1661 702 4287 
148 4352 2370 1030 6058 4367 4055 8850 9460 7957 1141 5879 2713 1914 9215 5791 
335 2082 4551 4360 3144 4746 9643 3851 6285 7958 822 7224 8312 3262 
287 8832 5706 9707 4078 7728 5649 3380 2644 3094 7703 5087 7132 5119 
102 4352 9569 6562 422 8678 5415 2986 9610 2571 5972 8504 4251 6012 4253 
269 832 1985 1764 2279 3593 652 6732 846 2351 7935 4724 409 9306 3199 7901 2559 
8 4325 805 3948 1325 1039 5615 6930 8213 2871 4826 8351 
206 3904 8606 9608 8830 9965 9905 3831 506 8287 9342 287 
310 8441 5254 2127 7151 816 6706 3509 6837 8151 2619 1147 
314 7040 4231 3785 6795 496 5079 5330 3829 341 6711 4377 6975 
384 6179 2788 7910 3144 3246 2254 270 9139 4661 1977 9245 1886 1087 
33 7712 3748 7333 1738 9995 3564 5932 9514 2863 5650 9204 2645 3062 7159 3034 7452 
429 995 996 3396 1414 1800 9790 9290 6956 5297 690 2483 5938 5238 7897 1660 7902 7295 
473 8514 9379 7012 7651 8898 8711 3719 9197 9648 6353 533 6069 6327 2552 
233 4352 8097 6679 4218 8072 4176 2967 7378 1555 4532 7280 822 9847 7065 7322 6331 1919 
214 8736 6981 486 5734 585 9099 173 4591 5715 213 7928 9853 9886 6206 
17 5665 7394 3240 3434 7148 2221 4846 1520 2865 2096 4563 8850 1783 3674 3645 
157 8672 3200 8640 2115 5799 1896 1320 1869 1005 3606 3576 6553 9727 
466 2372 8229 4968 8202 9963 7435 5200 1051 4638 6815 
226 6016 7553 4802 4421 169 2538 3338 3819 6795 3377 4433 7611 1849 7835 
468 3937 6820 5863 5799 8361 2349 6798 3855 3952 7921 8818 1778 2389 4405 5594 9469 
241 5218 9315 4740 8773 1702 3335 141 7764 2932 2648 7033 9243 4349 8926 
66 5600 2212 9764 9572 6889 5900 6061 173 272 6128 1849 4281 7994 
59 8352 2500 5316 5894 2726 2408 8830 7641 3679 4625 4371 1849 8249 9467 446 7615 
207 3289 5382 8072 1705 8528 1715 9109 5750 3831 5401 7132 
441 2593 3225 2531 5604 1988 9416 520 9836 3600 6000 3443 7833 5690 2302 
161 1953 5730 3747 8898 9959 456 8807 750 1934 9778 244 8630 6427 2525 287 
336 2466 9020 1544 9514 4779 1805 910 2349 5620 3478 4120 3289 1436 
295 6720 2594 962 8676 2924 9612 6830 6415 3823 7280 6798 9045 3576 
435 6848 9893 2342 3302 8680 6600 9611 9548 1678 5007 4210 795 
324 3872 8898 8325 3850 6189 7054 8944 3536 4594 216 730 7611 6047 
475 9793 8034 8994 7715 3942 7047 8456 397 6783 656 5658 1914 2271 
416 4448 6368 5925 7435 7181 5485 1357 3536 1197 4403 7444 5625 4348 9341 7518 
487 513 7238 5318 6315 1612 9742 5040 9170 9747 9144 1210 7644 1148 3197 9439 
365 1665 2402 9987 741 9352 3788 2572 6159 3218 9587 6294 4822 6841 4379 8859 6717 57 
327 6400 7137 736 6977 2788 8261 5735 7368 6665 3279 2928 1554 8885 4854 2171 5183 
200 9825 2849 4259 7396 1347 1799 6797 5006 8083 6132 9302 7998 1695 
350 8192 4608 3465 3594 5660 4895 5676 2101 437 1849 9152 586 5834 5710 8401 3934 7917 5999 6013 
19 964 1636 41 4364 5550 9944 1329 8083 1976 89 7994 6267 6844 6525 1374 4191 
154 8097 9123 2021 7174 2503 1159 8261 426 7148 1265 3153 5619 3316 1205 7960 
347 8097 6754 6979 8102 4441 1965 6995 6137 8787 3767 1752 121 442 348 2173 926 
410 4544 5566 1608 1260 2444 7952 3825 6194 3638 1847 1592 6299 8606 
85 4321 4517 2378 3083 1100 5998 9103 5523 7897 5820 
285 6690 4091 3912 5929 3976 3592 8553 6249 110 187 2604 6066 5588 8822 6137 8699 
65 4736 5828 9960 4553 7245 4690 2419 6131 3865 6874 9724 1246 9375 
29 9857 3682 1347 2020 4359 5001 4873 6730 5552 5297 9424 7316 7062 3899 7615 
401 7875 7462 5882 9257 9981 3608 6190 2094 3568 6798 9810 4189 7866 8986 6653 
479 5474 8902 8907 6764 8848 5237 9654 7190 9814 7066 2717 9214 7327 
130 7874 4229 743 5128 6731 7629 944 2105 4253 9247 
217 7168 2914 4228 2469 3941 9992 2830 7470 1169 9747 7894 1847 856 24 5340 
321 6752 4482 7267 8932 5546 2063 9074 278 3511 2552 5242 4507 7903 
63 705 4130 7714 3144 6794 7947 3672 5709 4557 5842 62 7515 4606 959 
386 2912 322 1827 6500 6686 1608 9705 9517 6798 7696 7190 9113 8766 
423 8288 8261 3046 1191 2698 9514 4332 556 2412 6095 7148 2705 7924 3895 5564 4476 4734 
450 9792 6690 3908 4356 5773 9136 7006 6675 9525 9719 4186 7772 5438 415 
455 9602 6307 5540 2303 5890 6754 8459 3693 7853 2575 1714 7795 4725 7736 9531 7613 8350 1119 
463 641 5346 6562 7111 8297 7435 7596 5391 9808 3377 1299 2515 4691 2964 5171 4632 1340 
407 4674 2949 3528 3210 9100 2961 6642 8761 9050 7515 2462 
109 5400 8097 6405 1798 3049 3946 2253 1229 7828 4501 9302 9303 7862 3609 9051 3933 
383 4352 8963 9380 4550 7079 5673 1659 2731 1069 9531 6483 6933 1849 3355 
204 33 8451 3652 5030 1320 3757 2190 4816 210 7410 6931 9334 7608 5691 8255 9278 5119 
290 3138 6628 3974 9894 6345 6284 9454 5711 6897 3826 2485 5911 6649 2847 
184 5728 8545 5122 835 580 359 5433 6792 7918 569 5360 627 505 5821 2591 
131 8481 1666 6329 612 8005 8457 6857 8110 4083 4054 3766 1080 7222 5339 3516 
363 8674 8898 8069 6373 712 4527 7793 3798 822 4408 
281 4064 6849 9762 3333 6990 9361 6004 2868 7252 7134 281 1563 3966 
341 2912 256 3842 1639 6920 650 4205 6734 4407 9850 7710 
338 4896 3521 7686 299 2828 4205 4430 9872 9169 7346 6097 245 8151 4473 
267 8866 7686 1735 3403 1646 6319 2161 2194 82 7288 5017 5500 8350 
346 8898 3107 4869 2280 2378 3947 1899 3760 1040 914 947 9683 3795 6201 1371 7996 
150 5570 7813 6686 7435 3980 1453 3341 1101 876 7700 7449 2556 1246 
284 6407 1555 9621 664 6553 3355 2846 7712 8739 5285 2495 3137 1882 1502 6751 6368 1636 7148 7151 2037 
232 4322 7971 3524 1607 4170 8747 7116 7641 4558 9455 6992 4913 4754 659 6868 409 1341 
193 8324 3181 590 7277 3408 4848 7762 8047 7092 7280 4470 5303 2932 8604 5212 
370 1921 7458 4962 8097 3813 5962 6703 6543 5618 9332 9240 4955 8223 8927 
57 4963 612 7686 8142 6705 945 7923 2163 3125 5396 7799 3832 3157 9754 2932 7676 343 4063 
396 66 4899 6116 965 3658 4076 6195 8410 4220 5917 7998 2367 
21 9664 7130 4352 5509 2761 650 3881 1613 5647 5072 4017 826 1435 7994 
397 3170 6307 709 5224 2667 6571 1870 7695 6415 4756 7414 3993 5882 5470 
303 2432 3361 9060 8 3080 5482 554 6924 6574 8030 9235 2099 1950 883 3997 3422 
296 4864 6944 8898 8195 9288 2504 2602 9066 1291 880 2841 475 6811 
181 9859 8099 9991 4200 7725 1070 9935 5647 9457 8467 2355 1560 282 2459 
116 9123 2468 4027 7302 9388 369 3451 2388 5205 3865 9563 5628 6685 7899 
278 354 3942 7016 5882 6733 3726 1583 2575 4242 826 2780 8767 
90 5795 7430 8649 8430 5844 5140 3511 1976 799 
64 6176 7905 3394 9479 872 1319 6407 6730 4235 9200 7539 179 87 
326 7012 1606 4839 9543 5897 1483 9964 1325 5676 5810 5494 311 792 4538 1471 
75 1158 7785 9033 9228 461 7705 5872 1553 1201 8377 
292 1893 5128 7529 7594 1483 7373 5901 751 5425 5620 8340 7765 9529 6366 8830 
427 5826 9128 4393 7279 1488 4144 5970 1077 3894 248 9913 1727 
151 2659 805 9798 2726 5799 617 1258 4108 1484 2351 2768 3957 1849 9308 5791 
186 9380 8101 8197 709 6408 9062 522 2699 5260 7468 5775 787 572 6527 
56 9440 386 4387 484 4421 2885 5799 5882 2570 2385 5876 5013 7670 6778 6204 7358 
153 9024 3041 8099 9191 4297 490 3180 5555 8340 3348 2325 1175 4532 8095 
234 9217 9508 4773 3015 3241 7946 8318 2858 9615 3220 1270 1054 504 9754 4188 158 
28 1154 3995 3112 3435 9137 4437 6742 4886 5113 3226 9563 
94 6976 1597 5799 808 1163 4365 7374 5421 7602 1241 7962 2395 4957 6111 
442 6018 5030 7880 2601 4554 9327 4400 3024 2738 2870 822 4158 
158 9792 9123 2533 2118 5831 7753 202 2635 9262 7503 7312 7540 3829 3065 
67 4772 840 7753 5035 7727 6031 7155 1459 5626 2555 2460 8543 
489 7553 1030 4551 4679 6920 4782 5104 2357 2968 1849 2908 1854 
362 2816 3873 5383 8424 8205 2224 7088 9746 5267 7765 6134 
23 1698 8389 2726 6599 368 9459 4180 6643 4213 217 2107 6015 
419 228 7943 8 8618 3339 4397 7438 3119 8726 4120 7994 6718 
187 1024 3201 6978 3719 8844 3309 1040 1009 1138 3890 661 150 1078 3645 
282 898 963 8323 4164 8456 3726 913 7731 2932 698 1307 3741 
306 4768 1731 5828 7078 6599 1609 1084 8847 730 2043 8028 1021 4126 8511 
467 8257 1893 1830 5705 7337 5642 8844 4046 5299 3158 251 6876 4958 9791 
242 5440 4097 5890 8233 8044 5613 6097 8725 54 2876 7519 
205 5728 5987 5828 5544 4617 9897 8266 4492 8884 4952 7897 6619 6716 
433 6720 1060 8965 6756 5576 2953 3371 239 5941 6805 3606 1560 8538 
399 673 4962 2603 3901 3182 6066 6835 2515 8758 1304 8636 2204 4541 
469 2656 7201 2497 6916 2087 2760 9863 5194 2034 339 600 5882 7740 8382 6463 
174 7012 9157 2532 8395 3533 3149 1519 4786 7161 8507 5694 5087 
476 2944 5283 6534 1100 5299 2998 7095 1820 1438 2015 
77 8736 801 8898 1315 4327 1896 1929 1750 4312 9338 
73 5730 9283 6564 7428 835 876 397 7278 4144 8883 374 3800 1178 7036 1341 6014 
127 8547 9827 6086 4904 6730 8619 2510 5330 2932 7286 9654 376 6460 4191 3231 
344 7203 313 1416 873 7210 5423 1777 5778 8723 1172 4533 1942 8984 7449 9150 
477 1728 3684 4936 9929 7307 6923 525 5295 5040 5970 5014 5209 1818 
480 2945 9954 1667 7524 3109 6821 7750 7174 713 9833 8780 3501 9201 827 7998 
408 7520 3236 4997 1241 4138 332 6060 9230 3852 784 5013 9112 9753 5882 2011 7070 
497 9313 8898 9859 2595 3151 4883 3795 4311 9978 3771 6300 
61 4352 6754 4548 3943 7079 5388 6380 4846 6836 2932 502 1718 8568 3481 3708 1054 
211 769 1378 5381 8775 142 4751 9202 6355 308 4947 2967 2555 7261 9791 
342 4704 1692 4567 8261 7719 4040 4267 6221 7024 5393 3092 183 4026 8060 4798 
15 1313 4387 996 4807 9385 6859 9166 6544 8689 4945 2611 8213 2358 8248 9948 8893 8830 
55 4736 2915 4873 7242 8587 6669 9232 4274 8471 6712 6105 8795 311 3806 3039 
220 8353 4001 8387 1860 9698 6209 9735 3272 5225 7368 6795 8620 6642 1013 1175 
378 2726 8169 7209 5931 7692 556 9267 1175 5849 126 
260 8192 5122 6146 6052 6726 1702 5324 6798 3343 1712 3957 3127 
1 4608 8706 2947 4776 491 5900 8748 4430 5647 6384 3987 5269 1468 636 
124 96 1185 3393 1890 5542 9030 5902 6991 9071 5617 7955 9948 
215 2694 4759 9801 8589 2350 6800 3795 2613 3606 8533 4409 7610 9919 
389 2496 4034 3371 11 428 4048 9144 87 9624 3164 5086 
443 2208 4352 3460 3046 3367 2826 2765 1197 2512 7860 6293 2905 8474 5661 
280 1505 71 1736 2506 3596 5708 3182 4272 3505 5881 7993 5626 59 1886 5247 
406 4001 8069 8261 6379 2187 6253 2701 4147 7892 8890 1179 4540 
398 3257 5337 7417 8581 4455 5768 1576 9934 7087 469 7765 1689 2139 60 1086 
162 4736 8097 6978 2823 5226 3306 6571 8205 6220 976 4308 5461 8085 3741 
119 2525 5665 1955 9573 5989 491 3568 1747 2420 3668 5144 8093 8830 6271 
345 5284 2717 5799 5288 6795 4110 1166 3887 3572 4888 8828 6109 6557 
271 3713 2146 4135 3175 7817 3656 3306 2378 2069 4310 8894 
42 6816 6499 2371 8229 7551 8939 2957 4238 5294 4690 9815 9945 5882 8188 8703 
7 5952 2688 8898 3591 3368 1832 5676 462 6574 3891 2648 444 6430 
380 3264 6305 6881 4832 4266 9978 5645 3950 5647 7987 7097 7194 157 
333 9152 3041 7195 2601 7568 1585 6834 6900 3830 3255 987 3039 
177 2848 7329 5030 5835 1292 6731 7024 5329 8529 3540 3924 1172 9081 
268 3520 2086 1255 1578 4696 619 4205 814 5391 8848 1266 7608 5851 1565 
171 4260 8250 7462 7460 7753 8875 2094 5200 8467 5589 4954 2651 2975 
176 7200 3041 3875 556 2477 4240 6641 4667 4826 5275 2399 
448 4418 3427 8230 3206 4040 8487 1261 3150 6353 53 6748 5054 9791 
498 4352 2530 2243 8355 2472 9801 9738 3819 3636 1142 3864 7932 6750 
438 354 4451 7067 1865 812 5647 6289 211 1652 1844 7637 2519 6550 1946 4827 1695 
122 9536 9382 358 9642 4395 5643 2797 6446 7148 9777 8694 3000 5341 5759 
126 5377 9731 9511 8743 2891 780 8524 5720 6795 9138 4850 6166 4024 5755 
460 3479 9058 7782 1606 4169 236 4237 686 7186 8822 5783 6076 9118 
493 4098 194 8484 9637 3305 4969 1291 5260 4363 6315 6127 4825 4761 5534 
246 5024 1347 8261 1863 6792 331 9259 2096 1651 3283 4437 6485 7898 1306 
452 8768 2214 1037 7438 5233 2833 5873 5489 1430 5017 9628 
494 2052 198 4070 5799 4299 1200 1681 4049 4945 215 4792 7514 8445 3391 
51 3200 6980 9158 8231 7686 5773 2222 1775 3312 7733 4698 2012 3325 7295 
48 7008 6210 2424 2600 5902 8527 8661 7992 6682 3581 2783 
129 3712 9378 8066 4067 1320 4969 155 7057 5526 7803 5692 287 
353 96 9570 2439 5415 7307 940 2571 4880 5522 8126 7668 7994 3646 
436 4004 1796 3560 3659 3019 1294 9551 3890 1849 9338 6876 7999 
230 8097 6372 5882 8430 6351 6160 7150 8341 9302 9462 5496 2101 6870 
50 8131 7686 3932 4365 2222 3727 4079 2649 8047 6798 2393 1244 
394 8097 3651 7205 9158 5481 2410 2762 4335 8847 3382 7991 4570 1470 
462 3041 4262 7239 2829 1975 6514 6259 2932 5591 3675 7902 
459 802 3458 8487 7240 6284 336 594 1141 4185 1659 4572 
250 4836 8389 1241 2057 3018 5997 9875 4152 8889 4282 3167 
422 2147 931 6339 4759 8329 74 4969 4146 7956 5110 1911 9306 
258 8130 1314 5592 3144 4873 7665 1490 7547 5783 9144 2233 4634 6331 
348 2272 6819 7012 2634 4205 3086 2095 6608 4432 5297 6004 3894 8249 8829 7007 
499 257 76 1847 1198 6097 6706 4023 8468 9553 3959 5272 8766 
484 8224 3396 8101 6503 9351 103 3146 4171 237 5944 1340 3133 
437 4066 707 7139 1029 6790 4649 6798 6737 3092 5882 187 669 2911 
201 192 418 5799 2282 4618 5834 5197 5616 9043 7636 6650 6558 
359 4900 5317 1828 4138 7276 3792 3090 5491 6677 3415 9145 1501 2335 
25 3936 2114 3555 6182 5960 8490 6636 6064 213 4121 3295 
368 3269 7366 1223 3654 7531 4589 2094 5395 9715 9171 4281 8830 3327 
481 2464 4352 4643 4967 2474 6250 2003 6420 9278 3358 3007 
98 160 3041 4736 2251 7308 1486 497 7090 982 2970 7998 9695 
180 896 9537 9732 778 203 4430 2291 2707 6899 6228 3323 6814 
478 5376 5255 7660 9791 980 917 7190 3092 9304 3289 3710 8287 
390 5409 1352 8713 6314 6506 5324 2065 913 8913 5719 8952 9242 1086 
32 768 9352 4875 3371 6510 2735 7568 5873 1968 4276 6269 5373 
334 8320 1155 4710 8042 9968 114 5971 6837 3417 6558 
6 5597 547 8973 303 4627 8147 5213 5171 3929 8601 9821 
266 5637 3144 8106 464 6097 7248 1748 245 5174 9592 6746 5694 
45 5025 5923 550 2822 2571 3598 2350 7921 6226 6644 1141 6872 3325 
111 5538 3714 4708 901 1954 1831 8264 8365 6798 3666 8088 6616 602 
320 5799 6344 2376 6890 1291 6475 9291 5356 7503 7088 2801 4915 86 8413 
239 3200 96 8769 6754 1989 2858 3435 8364 3372 5392 1456 7285 2199 1560 1849 1531 
10 4800 2656 8962 1442 6468 8709 2247 3658 6858 1847 7280 4785 4532 6838 119 
225 2369 7297 5082 5124 6725 7526 8898 6986 7435 4365 5456 442 315 9018 
79 5030 9041 9650 3443 6100 7829 7126 5014 3030 4441 822 3931 6780 6014 
483 4480 7910 5286 8712 6921 4490 8138 7692 4785 5010 3635 4727 7613 
328 1250 1483 5070 2415 4688 2225 3727 8947 2229 6043 92 
229 5571 388 5544 3132 1011 1748 7007 2551 857 4316 5085 6527 
262 290 1667 4196 5799 9053 879 84 8181 8057 3802 412 1087 7967 
372 8352 414 4199 7562 170 6736 1971 5689 5882 8219 9149 1758 57 
202 4865 4166 1606 9448 873 2920 5579 6798 920 1884 8382 2334 
